#
# There is insufficient memory for the Java Runtime Environment to continue.
# Native memory allocation (malloc) failed to allocate 1207152 bytes for Chunk::new
# Possible reasons:
#   The system is out of physical RAM or swap space
#   The process is running with CompressedOops enabled, and the Java Heap may be blocking the growth of the native heap
# Possible solutions:
#   Reduce memory load on the system
#   Increase physical memory or swap space
#   Check if swap backing store is full
#   Decrease Java heap size (-Xmx/-Xms)
#   Decrease number of Java threads
#   Decrease Java thread stack sizes (-Xss)
#   Set larger code cache with -XX:ReservedCodeCacheSize=
#   JVM is running with Unscaled Compressed Oops mode in which the Java heap is
#     placed in the first 4GB address space. The Java Heap base address is the
#     maximum limit for the native heap growth. Please use -XX:HeapBaseMinAddress
#     to set the Java Heap base and to place the Java Heap above 4GB virtual address.
# This output file may be truncated or incomplete.
#
#  Out of Memory Error (allocation.cpp:389), pid=3128, tid=0x00000000000042d4
#
# JRE version: OpenJDK Runtime Environment (8.0_242-b01) (build 1.8.0_242-release-1644-b01)
# Java VM: OpenJDK 64-Bit Server VM (25.242-b01 mixed mode windows-amd64 compressed oops)
# Failed to write core dump. Minidumps are not enabled by default on client versions of Windows
#

---------------  T H R E A D  ---------------

Current thread (0x0000000017d59000):  JavaThread "C2 CompilerThread0" daemon [_thread_in_native, id=17108, stack(0x00000000193d0000,0x00000000194d0000)]

Stack: [0x00000000193d0000,0x00000000194d0000]
[error occurred during error reporting (printing stack bounds), id 0xc0000005]

Native frames: (J=compiled Java code, j=interpreted, Vv=VM code, C=native code)


Current CompileTask:
C2:4762306 40541       4       org.gradle.api.internal.artifacts.ivyservice.resolveengine.graph.builder.NodeState::visitOutgoingDependencies (264 bytes)


---------------  P R O C E S S  ---------------

Java Threads: ( => current thread )
  0x00000000265c0800 JavaThread "RMI TCP Connection(69)-127.0.0.1" daemon [_thread_in_native, id=17416, stack(0x00000000406b0000,0x00000000407b0000)]
  0x00000000265bf800 JavaThread "RMI RenewClean-[127.0.0.1:17278,org.jetbrains.kotlin.daemon.common.LoopbackNetworkInterface$ClientLoopbackSocketFactory@484099a3]" daemon [_thread_blocked, id=12496, stack(0x00000000403b0000,0x00000000404b0000)]
  0x00000000265c2000 JavaThread "Cache worker for execution history cache (C:\Users\melis\OneDrive\Documents\EPFL\Semestre8\Blindly\.gradle\6.5\executionHistory)" [_thread_blocked, id=15096, stack(0x00000000402b0000,0x00000000403b0000)]
  0x00000000265c6800 JavaThread "Execution worker for ':' Thread 3" [_thread_in_native, id=7056, stack(0x00000000401b0000,0x00000000402b0000)]
  0x00000000265bf000 JavaThread "Execution worker for ':' Thread 2" [_thread_blocked, id=1716, stack(0x00000000400b0000,0x00000000401b0000)]
  0x00000000265c5000 JavaThread "Execution worker for ':'" [_thread_blocked, id=17444, stack(0x000000003ffb0000,0x00000000400b0000)]
  0x000000002144b000 JavaThread "Cache worker for file content cache (C:\Users\melis\OneDrive\Documents\EPFL\Semestre8\Blindly\.gradle\6.5\fileContent)" [_thread_blocked, id=9244, stack(0x000000003feb0000,0x000000003ffb0000)]
  0x000000002144a800 JavaThread "Cache worker for Build Output Cleanup Cache (C:\Users\melis\OneDrive\Documents\EPFL\Semestre8\Blindly\.gradle\buildOutputCleanup)" [_thread_blocked, id=11952, stack(0x000000003fdb0000,0x000000003feb0000)]
  0x0000000021449800 JavaThread "jar transforms Thread 1298" [_thread_blocked, id=12664, stack(0x000000003fcb0000,0x000000003fdb0000)]
  0x0000000021449000 JavaThread "jar transforms Thread 1297" [_thread_blocked, id=5804, stack(0x000000003fbb0000,0x000000003fcb0000)]
  0x0000000021441800 JavaThread "jar transforms Thread 1296" [_thread_blocked, id=11216, stack(0x000000003fab0000,0x000000003fbb0000)]
  0x0000000021448000 JavaThread "jar transforms Thread 1295" [_thread_blocked, id=18856, stack(0x000000003f9b0000,0x000000003fab0000)]
  0x0000000021447800 JavaThread "jar transforms Thread 1294" [_thread_blocked, id=9320, stack(0x000000003f8b0000,0x000000003f9b0000)]
  0x0000000021446800 JavaThread "jar transforms Thread 1293" [_thread_blocked, id=6664, stack(0x000000003f7b0000,0x000000003f8b0000)]
  0x0000000021446000 JavaThread "jar transforms Thread 1292" [_thread_blocked, id=8404, stack(0x000000003f6b0000,0x000000003f7b0000)]
  0x0000000021445000 JavaThread "jar transforms Thread 1291" [_thread_blocked, id=13560, stack(0x000000003f5b0000,0x000000003f6b0000)]
  0x000000002143d800 JavaThread "jar transforms Thread 1290" [_thread_blocked, id=5800, stack(0x000000003f4b0000,0x000000003f5b0000)]
  0x0000000021444800 JavaThread "jar transforms Thread 1289" [_thread_blocked, id=12540, stack(0x000000003f3b0000,0x000000003f4b0000)]
  0x0000000021440800 JavaThread "jar transforms Thread 1288" [_thread_blocked, id=17624, stack(0x000000003f2b0000,0x000000003f3b0000)]
  0x0000000021440000 JavaThread "jar transforms Thread 1287" [_thread_blocked, id=1164, stack(0x000000003f1b0000,0x000000003f2b0000)]
  0x000000002143e800 JavaThread "jar transforms Thread 1286" [_thread_blocked, id=15692, stack(0x000000003f0b0000,0x000000003f1b0000)]
  0x000000002143d000 JavaThread "jar transforms Thread 1285" [_thread_blocked, id=3588, stack(0x000000003efb0000,0x000000003f0b0000)]
  0x0000000021442000 JavaThread "jar transforms Thread 1284" [_thread_blocked, id=13264, stack(0x000000003eeb0000,0x000000003efb0000)]
  0x0000000021443800 JavaThread "jar transforms Thread 1283" [_thread_blocked, id=7912, stack(0x000000003edb0000,0x000000003eeb0000)]
  0x000000002143c000 JavaThread "jar transforms Thread 1282" [_thread_blocked, id=7044, stack(0x000000003ecb0000,0x000000003edb0000)]
  0x000000002c56a800 JavaThread "jar transforms Thread 1281" [_thread_blocked, id=18532, stack(0x000000003ebb0000,0x000000003ecb0000)]
  0x000000002c56c800 JavaThread "jar transforms Thread 1280" [_thread_blocked, id=224, stack(0x000000003eab0000,0x000000003ebb0000)]
  0x000000002c56b000 JavaThread "jar transforms Thread 1279" [_thread_blocked, id=4484, stack(0x000000003e9b0000,0x000000003eab0000)]
  0x000000002c56c000 JavaThread "jar transforms Thread 1278" [_thread_blocked, id=17252, stack(0x000000003e8b0000,0x000000003e9b0000)]
  0x000000002c563000 JavaThread "jar transforms Thread 1277" [_thread_blocked, id=7624, stack(0x000000003e7b0000,0x000000003e8b0000)]
  0x000000002c569800 JavaThread "jar transforms Thread 1276" [_thread_blocked, id=3964, stack(0x000000003e6b0000,0x000000003e7b0000)]
  0x000000002c563800 JavaThread "jar transforms Thread 1275" [_thread_blocked, id=2752, stack(0x000000003e5b0000,0x000000003e6b0000)]
  0x000000002c569000 JavaThread "jar transforms Thread 1274" [_thread_blocked, id=12432, stack(0x000000003e4b0000,0x000000003e5b0000)]
  0x000000002c568000 JavaThread "jar transforms Thread 1273" [_thread_blocked, id=10992, stack(0x000000003e3b0000,0x000000003e4b0000)]
  0x000000002c567800 JavaThread "jar transforms Thread 1272" [_thread_blocked, id=17612, stack(0x000000003e2b0000,0x000000003e3b0000)]
  0x000000002c560000 JavaThread "jar transforms Thread 1271" [_thread_blocked, id=11008, stack(0x000000003e1b0000,0x000000003e2b0000)]
  0x000000002c566000 JavaThread "jar transforms Thread 1270" [_thread_blocked, id=5948, stack(0x000000003e0b0000,0x000000003e1b0000)]
  0x000000002c560800 JavaThread "jar transforms Thread 1269" [_thread_blocked, id=6928, stack(0x000000003dfb0000,0x000000003e0b0000)]
  0x000000002c55e800 JavaThread "jar transforms Thread 1268" [_thread_blocked, id=9604, stack(0x000000003deb0000,0x000000003dfb0000)]
  0x000000002c562000 JavaThread "jar transforms Thread 1267" [_thread_blocked, id=9092, stack(0x000000003ddb0000,0x000000003deb0000)]
  0x000000002c565000 JavaThread "jar transforms Thread 1266" [_thread_blocked, id=15824, stack(0x000000003dcb0000,0x000000003ddb0000)]
  0x000000002c564800 JavaThread "jar transforms Thread 1265" [_thread_blocked, id=3228, stack(0x000000003dbb0000,0x000000003dcb0000)]
  0x000000002c55f000 JavaThread "jar transforms Thread 1264" [_thread_blocked, id=11540, stack(0x000000003dab0000,0x000000003dbb0000)]
  0x000000002c55d800 JavaThread "jar transforms Thread 1263" [_thread_blocked, id=6288, stack(0x000000003d9b0000,0x000000003dab0000)]
  0x000000002c561800 JavaThread "jar transforms Thread 1262" [_thread_blocked, id=18276, stack(0x000000003d8b0000,0x000000003d9b0000)]
  0x000000002dec6000 JavaThread "jar transforms Thread 1261" [_thread_blocked, id=6488, stack(0x000000003d7b0000,0x000000003d8b0000)]
  0x000000002debe800 JavaThread "jar transforms Thread 1260" [_thread_blocked, id=6008, stack(0x000000003d6b0000,0x000000003d7b0000)]
  0x000000002dec5000 JavaThread "jar transforms Thread 1259" [_thread_blocked, id=8644, stack(0x000000003d5b0000,0x000000003d6b0000)]
  0x000000002dec4800 JavaThread "jar transforms Thread 1258" [_thread_blocked, id=10760, stack(0x000000003d4b0000,0x000000003d5b0000)]
  0x000000002dec3800 JavaThread "jar transforms Thread 1257" [_thread_blocked, id=916, stack(0x000000003d3b0000,0x000000003d4b0000)]
  0x000000002dec0800 JavaThread "jar transforms Thread 1256" [_thread_blocked, id=15748, stack(0x000000003d2b0000,0x000000003d3b0000)]
  0x000000002debd000 JavaThread "jar transforms Thread 1255" [_thread_blocked, id=1244, stack(0x000000003d1b0000,0x000000003d2b0000)]
  0x000000002dec1800 JavaThread "jar transforms Thread 1254" [_thread_blocked, id=9736, stack(0x000000003d0b0000,0x000000003d1b0000)]
  0x000000002debf000 JavaThread "jar transforms Thread 1253" [_thread_blocked, id=12876, stack(0x000000003cfb0000,0x000000003d0b0000)]
  0x000000002dec3000 JavaThread "jar transforms Thread 1252" [_thread_blocked, id=15208, stack(0x000000003ceb0000,0x000000003cfb0000)]
  0x000000002dec2000 JavaThread "jar transforms Thread 1251" [_thread_blocked, id=14824, stack(0x000000003cdb0000,0x000000003ceb0000)]
  0x000000002dec0000 JavaThread "jar transforms Thread 1250" [_thread_blocked, id=4676, stack(0x000000003ccb0000,0x000000003cdb0000)]
  0x000000002debd800 JavaThread "jar transforms Thread 1249" [_thread_blocked, id=10820, stack(0x000000003cbb0000,0x000000003ccb0000)]
  0x000000002deb5800 JavaThread "jar transforms Thread 1248" [_thread_blocked, id=10312, stack(0x000000003cab0000,0x000000003cbb0000)]
  0x000000002deb8800 JavaThread "jar transforms Thread 1247" [_thread_blocked, id=2204, stack(0x000000003c9b0000,0x000000003cab0000)]
  0x000000002debc000 JavaThread "jar transforms Thread 1246" [_thread_blocked, id=7996, stack(0x000000003c8b0000,0x000000003c9b0000)]
  0x000000002deb4800 JavaThread "jar transforms Thread 1245" [_thread_blocked, id=14340, stack(0x000000003c7b0000,0x000000003c8b0000)]
  0x000000002deba800 JavaThread "jar transforms Thread 1244" [_thread_blocked, id=14744, stack(0x000000003c6b0000,0x000000003c7b0000)]
  0x000000002debb800 JavaThread "jar transforms Thread 1243" [_thread_blocked, id=9444, stack(0x000000003c5b0000,0x000000003c6b0000)]
  0x000000002deb7000 JavaThread "jar transforms Thread 1242" [_thread_blocked, id=14540, stack(0x000000003c4b0000,0x000000003c5b0000)]
  0x000000002deb4000 JavaThread "jar transforms Thread 1241" [_thread_blocked, id=3088, stack(0x000000003c3b0000,0x000000003c4b0000)]
  0x000000002deb7800 JavaThread "jar transforms Thread 1240" [_thread_blocked, id=15688, stack(0x000000003c2b0000,0x000000003c3b0000)]
  0x000000002deba000 JavaThread "jar transforms Thread 1239" [_thread_blocked, id=17336, stack(0x000000003c1b0000,0x000000003c2b0000)]
  0x000000002deb9000 JavaThread "jar transforms Thread 1238" [_thread_blocked, id=8320, stack(0x000000003c0b0000,0x000000003c1b0000)]
  0x000000002deb6000 JavaThread "jar transforms Thread 1237" [_thread_blocked, id=2756, stack(0x000000003bfb0000,0x000000003c0b0000)]
  0x000000002deac000 JavaThread "jar transforms Thread 1236" [_thread_blocked, id=104, stack(0x000000003beb0000,0x000000003bfb0000)]
  0x000000002deb2000 JavaThread "jar transforms Thread 1235" [_thread_blocked, id=17268, stack(0x000000003bdb0000,0x000000003beb0000)]
  0x000000002deb3000 JavaThread "jar transforms Thread 1234" [_thread_blocked, id=17032, stack(0x000000003bcb0000,0x000000003bdb0000)]
  0x000000002deaa800 JavaThread "jar transforms Thread 1233" [_thread_blocked, id=6976, stack(0x000000003bbb0000,0x000000003bcb0000)]
  0x000000002deb0800 JavaThread "jar transforms Thread 1232" [_thread_blocked, id=15136, stack(0x000000003bab0000,0x000000003bbb0000)]
  0x000000002deb0000 JavaThread "jar transforms Thread 1231" [_thread_blocked, id=13932, stack(0x000000003b9b0000,0x000000003bab0000)]
  0x000000002deaf000 JavaThread "jar transforms Thread 1230" [_thread_blocked, id=14288, stack(0x000000003b8b0000,0x000000003b9b0000)]
  0x000000002deb1800 JavaThread "jar transforms Thread 1229" [_thread_blocked, id=8764, stack(0x000000003b7b0000,0x000000003b8b0000)]
  0x000000002dea7800 JavaThread "jar transforms Thread 1228" [_thread_blocked, id=18060, stack(0x000000003b6b0000,0x000000003b7b0000)]
  0x000000002deaa000 JavaThread "jar transforms Thread 1227" [_thread_blocked, id=4732, stack(0x00000000305c0000,0x00000000306c0000)]
  0x000000002dea8800 JavaThread "jar transforms Thread 1226" [_thread_blocked, id=14520, stack(0x00000000304c0000,0x00000000305c0000)]
  0x000000002dea9000 JavaThread "jar transforms Thread 1225" [_thread_blocked, id=16076, stack(0x00000000303c0000,0x00000000304c0000)]
  0x000000002dead800 JavaThread "jar transforms Thread 1224" [_thread_blocked, id=5420, stack(0x00000000302c0000,0x00000000303c0000)]
  0x000000002dead000 JavaThread "jar transforms Thread 1223" [_thread_blocked, id=1536, stack(0x00000000301c0000,0x00000000302c0000)]
  0x000000002deab800 JavaThread "jar transforms Thread 1222" [_thread_blocked, id=14016, stack(0x00000000300c0000,0x00000000301c0000)]
  0x000000002deae800 JavaThread "jar transforms Thread 1221" [_thread_blocked, id=16072, stack(0x000000002ffc0000,0x00000000300c0000)]
  0x0000000026914800 JavaThread "jar transforms Thread 1220" [_thread_blocked, id=14108, stack(0x000000002fec0000,0x000000002ffc0000)]
  0x0000000026913000 JavaThread "jar transforms Thread 1219" [_thread_blocked, id=10872, stack(0x000000002fb40000,0x000000002fc40000)]
  0x0000000026912800 JavaThread "jar transforms Thread 1218" [_thread_blocked, id=9568, stack(0x000000002fa40000,0x000000002fb40000)]
  0x0000000026911800 JavaThread "jar transforms Thread 1217" [_thread_blocked, id=11664, stack(0x000000002f940000,0x000000002fa40000)]
  0x0000000026914000 JavaThread "jar transforms Thread 1216" [_thread_blocked, id=5636, stack(0x000000002f840000,0x000000002f940000)]
  0x000000002690a000 JavaThread "jar transforms Thread 1215" [_thread_blocked, id=7896, stack(0x000000002f4e0000,0x000000002f5e0000)]
  0x000000002690b000 JavaThread "jar transforms Thread 1214" [_thread_blocked, id=18644, stack(0x000000002f1b0000,0x000000002f2b0000)]
  0x0000000026911000 JavaThread "jar transforms Thread 1213" [_thread_blocked, id=16612, stack(0x000000002f0b0000,0x000000002f1b0000)]
  0x0000000026909800 JavaThread "jar transforms Thread 1212" [_thread_blocked, id=15492, stack(0x000000002efb0000,0x000000002f0b0000)]
  0x0000000026910000 JavaThread "jar transforms Thread 1211" [_thread_blocked, id=11584, stack(0x000000002eeb0000,0x000000002efb0000)]
  0x0000000026908800 JavaThread "jar transforms Thread 1210" [_thread_blocked, id=17620, stack(0x000000002d7c0000,0x000000002d8c0000)]
  0x000000002690f800 JavaThread "jar transforms Thread 1209" [_thread_blocked, id=18912, stack(0x000000002d4c0000,0x000000002d5c0000)]
  0x000000002690b800 JavaThread "jar transforms Thread 1208" [_thread_blocked, id=6992, stack(0x000000002b040000,0x000000002b140000)]
  0x0000000026908000 JavaThread "jar transforms Thread 1207" [_thread_blocked, id=12164, stack(0x000000002ad10000,0x000000002ae10000)]
  0x000000002690e800 JavaThread "jar transforms Thread 1206" [_thread_blocked, id=9284, stack(0x000000002ac10000,0x000000002ad10000)]
  0x0000000026907000 JavaThread "jar transforms Thread 1205" [_thread_blocked, id=7428, stack(0x000000002ab10000,0x000000002ac10000)]
  0x000000002690c800 JavaThread "jar transforms Thread 1204" [_thread_blocked, id=15820, stack(0x000000002aa10000,0x000000002ab10000)]
  0x000000002690d000 JavaThread "jar transforms Thread 1203" [_thread_blocked, id=11780, stack(0x000000002a910000,0x000000002aa10000)]
  0x000000002690e000 JavaThread "jar transforms Thread 1202" [_thread_blocked, id=14068, stack(0x0000000029660000,0x0000000029760000)]
  0x0000000026901000 JavaThread "jar transforms Thread 1201" [_thread_blocked, id=1752, stack(0x0000000029560000,0x0000000029660000)]
  0x0000000026906800 JavaThread "jar transforms Thread 1200" [_thread_blocked, id=10808, stack(0x0000000029460000,0x0000000029560000)]
  0x0000000026904000 JavaThread "jar transforms Thread 1199" [_thread_blocked, id=17796, stack(0x0000000029360000,0x0000000029460000)]
  0x0000000026902000 JavaThread "jar transforms Thread 1198" [_thread_blocked, id=14736, stack(0x0000000029260000,0x0000000029360000)]
  0x0000000026900800 JavaThread "jar transforms Thread 1197" [_thread_blocked, id=16416, stack(0x0000000029160000,0x0000000029260000)]
  0x0000000026905800 JavaThread "jar transforms Thread 1196" [_thread_blocked, id=12088, stack(0x0000000029060000,0x0000000029160000)]
  0x00000000268ff800 JavaThread "jar transforms Thread 1195" [_thread_blocked, id=1504, stack(0x0000000028f60000,0x0000000029060000)]
  0x0000000026902800 JavaThread "jar transforms Thread 1194" [_thread_blocked, id=14188, stack(0x0000000028e60000,0x0000000028f60000)]
  0x0000000026905000 JavaThread "jar transforms Thread 1193" [_thread_blocked, id=5740, stack(0x0000000028d60000,0x0000000028e60000)]
  0x0000000026903800 JavaThread "jar transforms Thread 1192" [_thread_blocked, id=16156, stack(0x0000000028c60000,0x0000000028d60000)]
  0x00000000268f8000 JavaThread "jar transforms Thread 1191" [_thread_blocked, id=11436, stack(0x0000000028b60000,0x0000000028c60000)]
  0x00000000268ff000 JavaThread "jar transforms Thread 1190" [_thread_blocked, id=3024, stack(0x0000000025960000,0x0000000025a60000)]
  0x00000000268fc000 JavaThread "jar transforms Thread 1189" [_thread_blocked, id=4508, stack(0x0000000025640000,0x0000000025740000)]
  0x00000000268fa800 JavaThread "jar transforms Thread 1188" [_thread_blocked, id=1980, stack(0x0000000025540000,0x0000000025640000)]
  0x00000000268f7800 JavaThread "jar transforms Thread 1187" [_thread_blocked, id=12836, stack(0x0000000024440000,0x0000000024540000)]
  0x00000000268fe000 JavaThread "jar transforms Thread 1186" [_thread_blocked, id=1208, stack(0x0000000024340000,0x0000000024440000)]
  0x00000000268fd800 JavaThread "jar transforms Thread 1185" [_thread_blocked, id=8788, stack(0x0000000024140000,0x0000000024240000)]
  0x00000000268f9000 JavaThread "jar transforms Thread 1184" [_thread_blocked, id=9496, stack(0x0000000023540000,0x0000000023640000)]
  0x00000000268f6800 JavaThread "jar transforms Thread 1183" [_thread_blocked, id=16964, stack(0x0000000023440000,0x0000000023540000)]
  0x00000000268fc800 JavaThread "jar transforms Thread 1182" [_thread_blocked, id=8964, stack(0x0000000023340000,0x0000000023440000)]
  0x00000000268f9800 JavaThread "jar transforms Thread 1181" [_thread_blocked, id=4936, stack(0x0000000023240000,0x0000000023340000)]
  0x00000000268f6000 JavaThread "Build operations Thread 4" [_thread_blocked, id=10516, stack(0x0000000022f40000,0x0000000023040000)]
  0x000000001bc51800 JavaThread "Build operations Thread 3" [_thread_blocked, id=13576, stack(0x0000000022140000,0x0000000022240000)]
  0x000000001bc50800 JavaThread "Build operations Thread 2" [_thread_blocked, id=15408, stack(0x0000000021940000,0x0000000021a40000)]
  0x000000001bc50000 JavaThread "Build operations" [_thread_blocked, id=17160, stack(0x0000000021840000,0x0000000021940000)]
  0x000000001bc4e800 JavaThread "Cache worker for cache directory md-rule (C:\Users\melis\.gradle\caches\6.5\md-rule)" [_thread_blocked, id=10268, stack(0x0000000020480000,0x0000000020580000)]
  0x000000001bc4d800 JavaThread "Cache worker for cache directory md-supplier (C:\Users\melis\.gradle\caches\6.5\md-supplier)" [_thread_blocked, id=8368, stack(0x000000001f2f0000,0x000000001f3f0000)]
  0x000000001bc4d000 JavaThread "Cache worker for checksums cache (C:\Users\melis\OneDrive\Documents\EPFL\Semestre8\Blindly\.gradle\checksums)" [_thread_blocked, id=9196, stack(0x000000001d820000,0x000000001d920000)]
  0x000000001bc45800 JavaThread "Cache worker for file hash cache (C:\Users\melis\OneDrive\Documents\EPFL\Semestre8\Blindly\.gradle\6.5\fileHashes)" [_thread_blocked, id=18404, stack(0x000000001d720000,0x000000001d820000)]
  0x000000001bc48800 JavaThread "Thread-1462" [_thread_blocked, id=10832, stack(0x000000001d620000,0x000000001d720000)]
  0x000000001bc4a800 JavaThread "Stdin handler" [_thread_blocked, id=9292, stack(0x000000001d520000,0x000000001d620000)]
  0x000000001bc4b800 JavaThread "Asynchronous log dispatcher for DefaultDaemonConnection: socket connection from /127.0.0.1:49998 to /127.0.0.1:50624" [_thread_blocked, id=15484, stack(0x000000001d420000,0x000000001d520000)]
  0x000000001bc44800 JavaThread "Daemon worker Thread 10" [_thread_blocked, id=1056, stack(0x000000001d320000,0x000000001d420000)]
  0x000000001bc47800 JavaThread "Cancel handler" [_thread_blocked, id=18956, stack(0x000000001d220000,0x000000001d320000)]
  0x000000001bc46000 JavaThread "Handler for socket connection from /127.0.0.1:49998 to /127.0.0.1:50624" [_thread_in_native, id=16736, stack(0x000000001cbb0000,0x000000001ccb0000)]
  0x000000001bc4a000 JavaThread "Daemon Thread 10" [_thread_blocked, id=17872, stack(0x000000001cab0000,0x000000001cbb0000)]
  0x0000000020b74800 JavaThread "RMI Reaper" [_thread_blocked, id=11236, stack(0x00000000405b0000,0x00000000406b0000)]
  0x0000000020b74000 JavaThread "GC Daemon" daemon [_thread_blocked, id=9300, stack(0x00000000404b0000,0x00000000405b0000)]
  0x000000001e7fe800 JavaThread "Cache worker for Java compile cache (C:\Users\melis\.gradle\caches\6.5\javaCompile)" [_thread_blocked, id=14456, stack(0x0000000024040000,0x0000000024140000)]
  0x000000001e7f5800 JavaThread "RMI TCP Accept-0" daemon [_thread_in_native, id=13652, stack(0x0000000024240000,0x0000000024340000)]
  0x000000001e7f2800 JavaThread "RMI Scheduler(0)" daemon [_thread_blocked, id=2268, stack(0x0000000002f20000,0x0000000003020000)]
  0x0000000020bda000 JavaThread "Memory manager" [_thread_blocked, id=12404, stack(0x000000002d3c0000,0x000000002d4c0000)]
  0x000000001b68d800 JavaThread "Cache worker for file content cache (C:\Users\melis\.gradle\caches\6.5\fileContent)" [_thread_blocked, id=14704, stack(0x0000000022240000,0x0000000022340000)]
  0x000000001b690800 JavaThread "Cache worker for execution history cache (C:\Users\melis\.gradle\caches\6.5\executionHistory)" [_thread_blocked, id=16988, stack(0x0000000021a40000,0x0000000021b40000)]
  0x000000001b693800 JavaThread "Cache worker for file hash cache (C:\Users\melis\.gradle\caches\6.5\fileHashes)" [_thread_blocked, id=15304, stack(0x000000001de20000,0x000000001df20000)]
  0x000000001b693000 JavaThread "File lock request listener" [_thread_in_native, id=14696, stack(0x000000001dd20000,0x000000001de20000)]
  0x000000001b61e800 JavaThread "Cache worker for journal cache (C:\Users\melis\.gradle\caches\journal-1)" [_thread_blocked, id=2172, stack(0x000000001db20000,0x000000001dc20000)]
  0x000000001b595000 JavaThread "Daemon periodic checks" [_thread_blocked, id=6996, stack(0x000000001cf20000,0x000000001d020000)]
  0x000000001b5ab000 JavaThread "Incoming local TCP Connector on port 49998" [_thread_in_native, id=18516, stack(0x000000001ccb0000,0x000000001cdb0000)]
  0x000000001b534800 JavaThread "Daemon health stats" [_thread_blocked, id=7708, stack(0x000000001c670000,0x000000001c770000)]
  0x0000000017d94800 JavaThread "Service Thread" daemon [_thread_blocked, id=3684, stack(0x0000000019ad0000,0x0000000019bd0000)]
  0x0000000017d6d800 JavaThread "C1 CompilerThread2" daemon [_thread_blocked, id=10472, stack(0x00000000195d0000,0x00000000196d0000)]
  0x0000000017d5f000 JavaThread "C2 CompilerThread1" daemon [_thread_blocked, id=15712, stack(0x00000000194d0000,0x00000000195d0000)]
=>0x0000000017d59000 JavaThread "C2 CompilerThread0" daemon [_thread_in_native, id=17108, stack(0x00000000193d0000,0x00000000194d0000)]
  0x0000000017d53000 JavaThread "Attach Listener" daemon [_thread_blocked, id=5888, stack(0x00000000192d0000,0x00000000193d0000)]
  0x0000000017d57800 JavaThread "Signal Dispatcher" daemon [_thread_blocked, id=4724, stack(0x00000000191d0000,0x00000000192d0000)]
  0x0000000017d39000 JavaThread "Finalizer" daemon [_thread_blocked, id=7884, stack(0x0000000018fa0000,0x00000000190a0000)]
  0x0000000003212000 JavaThread "Reference Handler" daemon [_thread_blocked, id=3756, stack(0x0000000018ea0000,0x0000000018fa0000)]
  0x0000000003122800 JavaThread "main" [_thread_blocked, id=12692, stack(0x0000000003020000,0x0000000003120000)]

Other Threads:
  0x0000000017d15800 VMThread [stack: 0x0000000018da0000,0x0000000018ea0000] [id=9704]
  0x0000000017d95000 WatcherThread [stack: 0x0000000019bd0000,0x0000000019cd0000] [id=14772]

VM state:not at safepoint (normal execution)

VM Mutex/Monitor currently owned by a thread: None

heap address: 0x0000000081c00000, size: 2020 MB, Compressed Oops mode: 32-bit
Narrow klass base: 0x0000000000000000, Narrow klass shift: 3
Compressed class space size: 1073741824 Address: 0x0000000100000000

Heap:
 PSYoungGen      total 603136K, used 133485K [0x00000000d5f00000, 0x00000000ff780000, 0x0000000100000000)
  eden space 530944K, 22% used [0x00000000d5f00000,0x00000000dd4bddc0,0x00000000f6580000)
  from space 72192K, 17% used [0x00000000fb100000,0x00000000fbd9d988,0x00000000ff780000)
  to   space 74752K, 0% used [0x00000000f6580000,0x00000000f6580000,0x00000000fae80000)
 ParOldGen       total 480256K, used 79370K [0x0000000081c00000, 0x000000009f100000, 0x00000000d5f00000)
  object space 480256K, 16% used [0x0000000081c00000,0x00000000869829c8,0x000000009f100000)
 Metaspace       used 138951K, capacity 147496K, committed 157656K, reserved 1185792K
  class space    used 16935K, capacity 18366K, committed 21464K, reserved 1048576K

Card table byte_map: [0x00000000125e0000,0x00000000129e0000] byte_map_base: 0x00000000121d2000

Marking Bits: (ParMarkBitMap*) 0x00000000727ef030
 Begin Bits: [0x0000000013090000, 0x0000000015020000)
 End Bits:   [0x0000000015020000, 0x0000000016fb0000)

Polling page: 0x0000000001570000

CodeCache: size=245760Kb used=104741Kb max_used=105859Kb free=141018Kb
 bounds [0x0000000003220000, 0x0000000009a20000, 0x0000000012220000]
 total_blobs=28552 nmethods=27552 adapters=910
 compilation: enabled

Compilation events (10 events):
Event: 4761.820 Thread 0x0000000017d6d800 nmethod 40554 0x0000000009707e10 code [0x0000000009707f80, 0x0000000009708230]
Event: 4761.822 Thread 0x0000000017d6d800 40555   !   3       sun.rmi.transport.tcp.TCPChannel::newConnection (105 bytes)
Event: 4761.823 Thread 0x0000000017d6d800 nmethod 40555 0x0000000009706e10 code [0x0000000009707020, 0x0000000009707918]
Event: 4761.823 Thread 0x0000000017d6d800 40556   !   3       sun.rmi.transport.tcp.TCPChannel::free (161 bytes)
Event: 4761.825 Thread 0x0000000017d6d800 nmethod 40556 0x0000000007d08ad0 code [0x0000000007d08d20, 0x0000000007d09b68]
Event: 4761.833 Thread 0x0000000017d6d800 40557       3       java.rmi.dgc.VMID::equals (118 bytes)
Event: 4761.834 Thread 0x0000000017d6d800 nmethod 40557 0x000000000637e590 code [0x000000000637e740, 0x000000000637eea8]
Event: 4762.154 Thread 0x0000000017d5f000 nmethod 40547 0x0000000007135750 code [0x0000000007135e40, 0x000000000713b248]
Event: 4762.154 Thread 0x0000000017d5f000 40548       4       sun.nio.fs.NativeBuffer$Deallocator::run (11 bytes)
Event: 4762.154 Thread 0x0000000017d5f000 nmethod 40548 0x00000000049d6d10 code [0x00000000049d6e60, 0x00000000049d6ee8]

GC Heap History (10 events):
Event: 3829.358 GC heap before
{Heap before GC invocations=79 (full 8):
 PSYoungGen      total 598528K, used 111183K [0x00000000d5f00000, 0x00000000ff780000, 0x0000000100000000)
  eden space 525824K, 13% used [0x00000000d5f00000,0x00000000da55c598,0x00000000f6080000)
  from space 72704K, 53% used [0x00000000fb080000,0x00000000fd6b7a00,0x00000000ff780000)
  to   space 77312K, 0% used [0x00000000f6080000,0x00000000f6080000,0x00000000fac00000)
 ParOldGen       total 480256K, used 280514K [0x0000000081c00000, 0x000000009f100000, 0x00000000d5f00000)
  object space 480256K, 58% used [0x0000000081c00000,0x0000000092df0aa0,0x000000009f100000)
 Metaspace       used 159664K, capacity 169720K, committed 169944K, reserved 1198080K
  class space    used 19596K, capacity 21434K, committed 21464K, reserved 1048576K
Event: 3829.375 GC heap after
Heap after GC invocations=79 (full 8):
 PSYoungGen      total 547840K, used 21868K [0x00000000d5f00000, 0x00000000ff680000, 0x0000000100000000)
  eden space 525824K, 0% used [0x00000000d5f00000,0x00000000d5f00000,0x00000000f6080000)
  from space 22016K, 99% used [0x00000000f6080000,0x00000000f75db1b8,0x00000000f7600000)
  to   space 76800K, 0% used [0x00000000fab80000,0x00000000fab80000,0x00000000ff680000)
 ParOldGen       total 480256K, used 280522K [0x0000000081c00000, 0x000000009f100000, 0x00000000d5f00000)
  object space 480256K, 58% used [0x0000000081c00000,0x0000000092df2aa0,0x000000009f100000)
 Metaspace       used 159664K, capacity 169720K, committed 169944K, reserved 1198080K
  class space    used 19596K, capacity 21434K, committed 21464K, reserved 1048576K
}
Event: 3829.375 GC heap before
{Heap before GC invocations=80 (full 9):
 PSYoungGen      total 547840K, used 21868K [0x00000000d5f00000, 0x00000000ff680000, 0x0000000100000000)
  eden space 525824K, 0% used [0x00000000d5f00000,0x00000000d5f00000,0x00000000f6080000)
  from space 22016K, 99% used [0x00000000f6080000,0x00000000f75db1b8,0x00000000f7600000)
  to   space 76800K, 0% used [0x00000000fab80000,0x00000000fab80000,0x00000000ff680000)
 ParOldGen       total 480256K, used 280522K [0x0000000081c00000, 0x000000009f100000, 0x00000000d5f00000)
  object space 480256K, 58% used [0x0000000081c00000,0x0000000092df2aa0,0x000000009f100000)
 Metaspace       used 159664K, capacity 169720K, committed 169944K, reserved 1198080K
  class space    used 19596K, capacity 21434K, committed 21464K, reserved 1048576K
Event: 3830.319 GC heap after
Heap after GC invocations=80 (full 9):
 PSYoungGen      total 547840K, used 0K [0x00000000d5f00000, 0x00000000ff680000, 0x0000000100000000)
  eden space 525824K, 0% used [0x00000000d5f00000,0x00000000d5f00000,0x00000000f6080000)
  from space 22016K, 0% used [0x00000000f6080000,0x00000000f6080000,0x00000000f7600000)
  to   space 76800K, 0% used [0x00000000fab80000,0x00000000fab80000,0x00000000ff680000)
 ParOldGen       total 480256K, used 79346K [0x0000000081c00000, 0x000000009f100000, 0x00000000d5f00000)
  object space 480256K, 16% used [0x0000000081c00000,0x000000008697c9c8,0x000000009f100000)
 Metaspace       used 134486K, capacity 141688K, committed 157656K, reserved 1185792K
  class space    used 16405K, capacity 17646K, committed 21464K, reserved 1048576K
}
Event: 4487.169 GC heap before
{Heap before GC invocations=81 (full 9):
 PSYoungGen      total 547840K, used 525824K [0x00000000d5f00000, 0x00000000ff680000, 0x0000000100000000)
  eden space 525824K, 100% used [0x00000000d5f00000,0x00000000f6080000,0x00000000f6080000)
  from space 22016K, 0% used [0x00000000f6080000,0x00000000f6080000,0x00000000f7600000)
  to   space 76800K, 0% used [0x00000000fab80000,0x00000000fab80000,0x00000000ff680000)
 ParOldGen       total 480256K, used 79346K [0x0000000081c00000, 0x000000009f100000, 0x00000000d5f00000)
  object space 480256K, 16% used [0x0000000081c00000,0x000000008697c9c8,0x000000009f100000)
 Metaspace       used 136513K, capacity 144830K, committed 157656K, reserved 1185792K
  class space    used 16691K, capacity 18087K, committed 21464K, reserved 1048576K
Event: 4487.196 GC heap after
Heap after GC invocations=81 (full 9):
 PSYoungGen      total 602112K, used 12204K [0x00000000d5f00000, 0x0000000100000000, 0x0000000100000000)
  eden space 525312K, 0% used [0x00000000d5f00000,0x00000000d5f00000,0x00000000f6000000)
  from space 76800K, 15% used [0x00000000fab80000,0x00000000fb76b238,0x00000000ff680000)
  to   space 77312K, 0% used [0x00000000f6000000,0x00000000f6000000,0x00000000fab80000)
 ParOldGen       total 480256K, used 79354K [0x0000000081c00000, 0x000000009f100000, 0x00000000d5f00000)
  object space 480256K, 16% used [0x0000000081c00000,0x000000008697e9c8,0x000000009f100000)
 Metaspace       used 136513K, capacity 144830K, committed 157656K, reserved 1185792K
  class space    used 16691K, capacity 18087K, committed 21464K, reserved 1048576K
}
Event: 4552.867 GC heap before
{Heap before GC invocations=82 (full 9):
 PSYoungGen      total 602112K, used 537516K [0x00000000d5f00000, 0x0000000100000000, 0x0000000100000000)
  eden space 525312K, 100% used [0x00000000d5f00000,0x00000000f6000000,0x00000000f6000000)
  from space 76800K, 15% used [0x00000000fab80000,0x00000000fb76b238,0x00000000ff680000)
  to   space 77312K, 0% used [0x00000000f6000000,0x00000000f6000000,0x00000000fab80000)
 ParOldGen       total 480256K, used 79354K [0x0000000081c00000, 0x000000009f100000, 0x00000000d5f00000)
  object space 480256K, 16% used [0x0000000081c00000,0x000000008697e9c8,0x000000009f100000)
 Metaspace       used 137746K, capacity 146102K, committed 157656K, reserved 1185792K
  class space    used 16814K, capacity 18227K, committed 21464K, reserved 1048576K
Event: 4552.889 GC heap after
Heap after GC invocations=82 (full 9):
 PSYoungGen      total 602624K, used 19173K [0x00000000d5f00000, 0x00000000ffb00000, 0x0000000100000000)
  eden space 525312K, 0% used [0x00000000d5f00000,0x00000000d5f00000,0x00000000f6000000)
  from space 77312K, 24% used [0x00000000f6000000,0x00000000f72b94d8,0x00000000fab80000)
  to   space 75776K, 0% used [0x00000000fb100000,0x00000000fb100000,0x00000000ffb00000)
 ParOldGen       total 480256K, used 79362K [0x0000000081c00000, 0x000000009f100000, 0x00000000d5f00000)
  object space 480256K, 16% used [0x0000000081c00000,0x00000000869809c8,0x000000009f100000)
 Metaspace       used 137746K, capacity 146102K, committed 157656K, reserved 1185792K
  class space    used 16814K, capacity 18227K, committed 21464K, reserved 1048576K
}
Event: 4761.160 GC heap before
{Heap before GC invocations=83 (full 9):
 PSYoungGen      total 602624K, used 544485K [0x00000000d5f00000, 0x00000000ffb00000, 0x0000000100000000)
  eden space 525312K, 100% used [0x00000000d5f00000,0x00000000f6000000,0x00000000f6000000)
  from space 77312K, 24% used [0x00000000f6000000,0x00000000f72b94d8,0x00000000fab80000)
  to   space 75776K, 0% used [0x00000000fb100000,0x00000000fb100000,0x00000000ffb00000)
 ParOldGen       total 480256K, used 79362K [0x0000000081c00000, 0x000000009f100000, 0x00000000d5f00000)
  object space 480256K, 16% used [0x0000000081c00000,0x00000000869809c8,0x000000009f100000)
 Metaspace       used 138940K, capacity 147492K, committed 157656K, reserved 1185792K
  class space    used 16935K, capacity 18366K, committed 21464K, reserved 1048576K
Event: 4761.175 GC heap after
Heap after GC invocations=83 (full 9):
 PSYoungGen      total 603136K, used 12918K [0x00000000d5f00000, 0x00000000ff780000, 0x0000000100000000)
  eden space 530944K, 0% used [0x00000000d5f00000,0x00000000d5f00000,0x00000000f6580000)
  from space 72192K, 17% used [0x00000000fb100000,0x00000000fbd9d988,0x00000000ff780000)
  to   space 74752K, 0% used [0x00000000f6580000,0x00000000f6580000,0x00000000fae80000)
 ParOldGen       total 480256K, used 79370K [0x0000000081c00000, 0x000000009f100000, 0x00000000d5f00000)
  object space 480256K, 16% used [0x0000000081c00000,0x00000000869829c8,0x000000009f100000)
 Metaspace       used 138940K, capacity 147492K, committed 157656K, reserved 1185792K
  class space    used 16935K, capacity 18366K, committed 21464K, reserved 1048576K
}

Deoptimization events (10 events):
Event: 4488.374 Thread 0x00000000268f7800 Uncommon trap: reason=unstable_if action=reinterpret pc=0x0000000008c3a554 method=com.google.common.collect.Interners$InternerImpl.intern(Ljava/lang/Object;)Ljava/lang/Object; @ 42
Event: 4548.955 Thread 0x0000000020b78800 Uncommon trap: reason=class_check action=maybe_recompile pc=0x0000000007d083dc method=java.util.concurrent.ThreadPoolExecutor.getTask()Ljava/lang/Runnable; @ 139
Event: 4548.962 Thread 0x0000000020b7d800 Uncommon trap: reason=class_check action=maybe_recompile pc=0x0000000007d083dc method=java.util.concurrent.ThreadPoolExecutor.getTask()Ljava/lang/Runnable; @ 139
Event: 4549.384 Thread 0x000000001bc47800 Uncommon trap: reason=unstable_if action=reinterpret pc=0x0000000003eed968 method=java.util.concurrent.ConcurrentHashMap.replaceNode(Ljava/lang/Object;Ljava/lang/Object;Ljava/lang/Object;)Ljava/lang/Object; @ 62
Event: 4552.838 Thread 0x000000001bc47800 Uncommon trap: reason=array_check action=maybe_recompile pc=0x00000000093c332c method=java.util.Arrays.fill([Ljava/lang/Object;IILjava/lang/Object;)V @ 20
Event: 4552.845 Thread 0x000000001bc47800 Uncommon trap: reason=unstable_if action=reinterpret pc=0x0000000005adb0dc method=java.util.concurrent.ConcurrentHashMap.replaceNode(Ljava/lang/Object;Ljava/lang/Object;Ljava/lang/Object;)Ljava/lang/Object; @ 136
Event: 4552.845 Thread 0x000000001bc47800 Uncommon trap: reason=unstable_if action=reinterpret pc=0x00000000099b0b4c method=java.lang.ref.SoftReference.get()Ljava/lang/Object; @ 6
Event: 4554.381 Thread 0x0000000020b7d800 Uncommon trap: reason=null_check action=make_not_entrant pc=0x0000000004f3a9cc method=java.lang.ThreadLocal$ThreadLocalMap.expungeStaleEntry(I)I @ 51
Event: 4603.692 Thread 0x0000000020b7d800 Uncommon trap: reason=null_check action=make_not_entrant pc=0x00000000085c3d34 method=java.lang.ThreadLocal$ThreadLocalMap.expungeStaleEntry(I)I @ 51
Event: 4608.965 Thread 0x0000000020b7d800 Uncommon trap: reason=null_check action=make_not_entrant pc=0x0000000009122728 method=org.gradle.api.internal.tasks.properties.bean.AbstractNestedRuntimeBeanNode$BeanPropertyValue.isConfigurable()Z @ 9

Classes redefined (0 events):
No events

Internal exceptions (10 events):
Event: 4607.469 Thread 0x00000000265c9800 Exception <a 'sun/nio/fs/WindowsException'> (0x00000000ee5427a8) thrown at [C:\src\AOSP-openjdk-git\hotspot\src\share\vm\prims\jni.cpp, line 710]
Event: 4607.470 Thread 0x00000000265c9800 Exception <a 'sun/nio/fs/WindowsException'> (0x00000000ee58b2e8) thrown at [C:\src\AOSP-openjdk-git\hotspot\src\share\vm\prims\jni.cpp, line 710]
Event: 4607.472 Thread 0x00000000265c9800 Exception <a 'sun/nio/fs/WindowsException'> (0x00000000ee623b70) thrown at [C:\src\AOSP-openjdk-git\hotspot\src\share\vm\prims\jni.cpp, line 710]
Event: 4607.473 Thread 0x00000000265c9800 Exception <a 'sun/nio/fs/WindowsException'> (0x00000000ee66d838) thrown at [C:\src\AOSP-openjdk-git\hotspot\src\share\vm\prims\jni.cpp, line 710]
Event: 4608.776 Thread 0x000000001bc47800 Exception <a 'sun/nio/fs/WindowsException'> (0x00000000eeae5860) thrown at [C:\src\AOSP-openjdk-git\hotspot\src\share\vm\prims\jni.cpp, line 710]
Event: 4608.901 Thread 0x000000001bc45800 Exception <a 'sun/nio/fs/WindowsException'> (0x00000000f11eacf8) thrown at [C:\src\AOSP-openjdk-git\hotspot\src\share\vm\prims\jni.cpp, line 710]
Event: 4761.015 Thread 0x000000001bc44800 Exception <a 'sun/nio/fs/WindowsException'> (0x00000000f4e7f110) thrown at [C:\src\AOSP-openjdk-git\hotspot\src\share\vm\prims\jni.cpp, line 710]
Event: 4761.699 Thread 0x00000000265c6800 Exception <a 'sun/nio/fs/WindowsException'> (0x00000000dcb1b8f0) thrown at [C:\src\AOSP-openjdk-git\hotspot\src\share\vm\prims\jni.cpp, line 710]
Event: 4761.699 Thread 0x00000000265c6800 Exception <a 'sun/nio/fs/WindowsException'> (0x00000000dcb1c5e0) thrown at [C:\src\AOSP-openjdk-git\hotspot\src\share\vm\prims\jni.cpp, line 710]
Event: 4761.825 Thread 0x00000000265bf800 Exception <a 'java/lang/InterruptedException'> (0x00000000dd203138) thrown at [C:\src\AOSP-openjdk-git\hotspot\src\share\vm\runtime\objectMonitor.cpp, line 1680]

Events (10 events):
Event: 4761.487 Executing VM operation: RevokeBias
Event: 4761.487 Executing VM operation: RevokeBias done
Event: 4761.820 Thread 0x00000000265bf800 Thread added: 0x00000000265bf800
Event: 4761.821 Executing VM operation: RevokeBias
Event: 4761.821 Executing VM operation: RevokeBias done
Event: 4761.832 Thread 0x00000000265c0800 Thread added: 0x00000000265c0800
Event: 4761.832 Executing VM operation: RevokeBias
Event: 4761.832 Executing VM operation: RevokeBias done
Event: 4762.183 Executing VM operation: RevokeBias
Event: 4762.184 Executing VM operation: RevokeBias done


Dynamic libraries:
0x00007ff6e0340000 - 0x00007ff6e0371000 	C:\Program Files\Android\Android Studio\jre\bin\java.exe
0x00007ff816a60000 - 0x00007ff816c50000 	C:\WINDOWS\SYSTEM32\ntdll.dll
0x00007ff815330000 - 0x00007ff8153e2000 	C:\WINDOWS\System32\KERNEL32.DLL
0x00007ff813e60000 - 0x00007ff814105000 	C:\WINDOWS\System32\KERNELBASE.dll
0x00007ff8161f0000 - 0x00007ff816293000 	C:\WINDOWS\System32\ADVAPI32.dll
0x00007ff814b10000 - 0x00007ff814bae000 	C:\WINDOWS\System32\msvcrt.dll
0x00007ff8166c0000 - 0x00007ff816757000 	C:\WINDOWS\System32\sechost.dll
0x00007ff816420000 - 0x00007ff81653f000 	C:\WINDOWS\System32\RPCRT4.dll
0x00007ff814d20000 - 0x00007ff814eb4000 	C:\WINDOWS\System32\USER32.dll
0x00007ff813dd0000 - 0x00007ff813df1000 	C:\WINDOWS\System32\win32u.dll
0x00007ff8153f0000 - 0x00007ff815416000 	C:\WINDOWS\System32\GDI32.dll
0x00007ff8139f0000 - 0x00007ff813b88000 	C:\WINDOWS\System32\gdi32full.dll
0x00007ff814890000 - 0x00007ff81492e000 	C:\WINDOWS\System32\msvcp_win.dll
0x00007ff8149c0000 - 0x00007ff814aba000 	C:\WINDOWS\System32\ucrtbase.dll
0x00007ff800d90000 - 0x00007ff801014000 	C:\WINDOWS\WinSxS\amd64_microsoft.windows.common-controls_6595b64144ccf1df_6.0.18362.1440_none_9e7dbfb9e45e8e67\COMCTL32.dll
0x00007ff815eb0000 - 0x00007ff8161e6000 	C:\WINDOWS\System32\combase.dll
0x00007ff814930000 - 0x00007ff8149b1000 	C:\WINDOWS\System32\bcryptPrimitives.dll
0x00007ff815d20000 - 0x00007ff815d4e000 	C:\WINDOWS\System32\IMM32.DLL
0x0000000071330000 - 0x0000000071402000 	C:\Program Files\Android\Android Studio\jre\jre\bin\msvcr100.dll
0x0000000072020000 - 0x000000007286b000 	C:\Program Files\Android\Android Studio\jre\jre\bin\server\jvm.dll
0x00007ff815d50000 - 0x00007ff815d58000 	C:\WINDOWS\System32\PSAPI.DLL
0x00007ff811050000 - 0x00007ff811074000 	C:\WINDOWS\SYSTEM32\WINMM.dll
0x00007ff803450000 - 0x00007ff803459000 	C:\WINDOWS\SYSTEM32\WSOCK32.dll
0x00007ff816540000 - 0x00007ff8165af000 	C:\WINDOWS\System32\WS2_32.dll
0x00007ff811020000 - 0x00007ff81104d000 	C:\WINDOWS\SYSTEM32\WINMMBASE.dll
0x00007ff814ac0000 - 0x00007ff814b0a000 	C:\WINDOWS\System32\cfgmgr32.dll
0x00007ff812a60000 - 0x00007ff812a6a000 	C:\WINDOWS\SYSTEM32\VERSION.dll
0x00007ff8003e0000 - 0x00007ff8003ef000 	C:\Program Files\Android\Android Studio\jre\jre\bin\verify.dll
0x00007fffe35d0000 - 0x00007fffe35f9000 	C:\Program Files\Android\Android Studio\jre\jre\bin\java.dll
0x00007fffe35b0000 - 0x00007fffe35c6000 	C:\Program Files\Android\Android Studio\jre\jre\bin\zip.dll
0x00007ff815630000 - 0x00007ff815d18000 	C:\WINDOWS\System32\SHELL32.dll
0x00007ff816610000 - 0x00007ff8166b7000 	C:\WINDOWS\System32\shcore.dll
0x00007ff814110000 - 0x00007ff81488b000 	C:\WINDOWS\System32\windows.storage.dll
0x00007ff813940000 - 0x00007ff81395e000 	C:\WINDOWS\System32\profapi.dll
0x00007ff813980000 - 0x00007ff8139ca000 	C:\WINDOWS\System32\powrprof.dll
0x00007ff813910000 - 0x00007ff813920000 	C:\WINDOWS\System32\UMPDC.dll
0x00007ff815420000 - 0x00007ff815472000 	C:\WINDOWS\System32\shlwapi.dll
0x00007ff813960000 - 0x00007ff813971000 	C:\WINDOWS\System32\kernel.appcore.dll
0x00007ff8139d0000 - 0x00007ff8139e7000 	C:\WINDOWS\System32\cryptsp.dll
0x00007fffe3590000 - 0x00007fffe35aa000 	C:\Program Files\Android\Android Studio\jre\jre\bin\net.dll
0x00007ff8130f0000 - 0x00007ff813157000 	C:\WINDOWS\system32\mswsock.dll
0x00007fffe3570000 - 0x00007fffe3583000 	C:\Program Files\Android\Android Studio\jre\jre\bin\nio.dll
0x00007ffffc470000 - 0x00007ffffc497000 	C:\Users\melis\.gradle\native\f6784746aeab05261644944871eae4fe03e0ef1612fff0a4a95f87b438bc6780\windows-amd64\native-platform.dll
0x00007ff8003d0000 - 0x00007ff8003dd000 	C:\Program Files\Android\Android Studio\jre\jre\bin\management.dll
0x00007ff812c70000 - 0x00007ff812ca3000 	C:\WINDOWS\system32\rsaenh.dll
0x00007ff813b90000 - 0x00007ff813bb6000 	C:\WINDOWS\System32\bcrypt.dll
0x00007ff813830000 - 0x00007ff813855000 	C:\WINDOWS\SYSTEM32\USERENV.dll
0x00007ff8132c0000 - 0x00007ff8132cc000 	C:\WINDOWS\SYSTEM32\CRYPTBASE.dll
0x00007ff812e00000 - 0x00007ff812e3a000 	C:\WINDOWS\SYSTEM32\IPHLPAPI.DLL
0x00007ff814bc0000 - 0x00007ff814bc8000 	C:\WINDOWS\System32\NSI.dll
0x00007ff805e40000 - 0x00007ff805e56000 	C:\WINDOWS\SYSTEM32\dhcpcsvc6.DLL
0x00007ff805e80000 - 0x00007ff805e9c000 	C:\WINDOWS\SYSTEM32\dhcpcsvc.DLL
0x00007ff812e40000 - 0x00007ff812f0b000 	C:\WINDOWS\SYSTEM32\DNSAPI.dll
0x00007ff80aba0000 - 0x00007ff80abab000 	C:\WINDOWS\SYSTEM32\WINNSI.DLL
0x00007fffe34d0000 - 0x00007fffe34f4000 	C:\Program Files\Android\Android Studio\jre\jre\bin\sunec.dll
0x00007ff8054f0000 - 0x00007ff8054fa000 	C:\Windows\System32\rasadhlp.dll
0x00007ff805d60000 - 0x00007ff805dd7000 	C:\WINDOWS\System32\fwpuclnt.dll
0x00007ffffc440000 - 0x00007ffffc44b000 	C:\Program Files\Android\Android Studio\jre\jre\bin\sunmscapi.dll
0x00007ff813c70000 - 0x00007ff813dc1000 	C:\WINDOWS\System32\CRYPT32.dll
0x00007ff813920000 - 0x00007ff813932000 	C:\WINDOWS\System32\MSASN1.dll
0x00007ff8127f0000 - 0x00007ff812821000 	C:\WINDOWS\SYSTEM32\ntmarta.dll
0x00007ff811180000 - 0x00007ff81120f000 	C:\WINDOWS\system32\apphelp.dll
0x00007ffffc450000 - 0x00007ffffc46e000 	C:\Users\melis\AppData\Local\Temp\native-platform4763561142976881663dir\native-platform.dll

VM Arguments:
jvm_args: -Dfile.encoding=UTF-8 -Duser.country=CH -Duser.language=fr -Duser.variant 
java_command: org.gradle.launcher.daemon.bootstrap.GradleDaemon 6.5
java_class_path (initial): C:\Users\melis\.gradle\wrapper\dists\gradle-6.5-bin\6nifqtx7604sqp1q6g8wikw7p\gradle-6.5\lib\gradle-launcher-6.5.jar
Launcher Type: SUN_STANDARD

Environment Variables:
JAVA_HOME=C:\Program Files\Java\jdk-11.0.3
PATH=C:\Program Files\ImageMagick-7.0.11-Q16-HDRI;C:\ProgramData\Anaconda3;C:\ProgramData\Anaconda3\Library\mingw-w64\bin;C:\ProgramData\Anaconda3\Library\usr\bin;C:\ProgramData\Anaconda3\Library\bin;C:\ProgramData\Anaconda3\Scripts;C:\Program Files (x86)\Intel\iCLS Client\;C:\Program Files\Intel\iCLS Client\;C:\WINDOWS\system32;C:\WINDOWS;C:\WINDOWS\System32\Wbem;C:\WINDOWS\System32\WindowsPowerShell\v1.0\;C:\Program Files (x86)\Intel\Intel(R) Management Engine Components\DAL;C:\Program Files\Intel\Intel(R) Management Engine Components\DAL;C:\Program Files (x86)\Intel\Intel(R) Management Engine Components\IPT;C:\Program Files\Intel\Intel(R) Management Engine Components\IPT;C:\WINDOWS\System32\OpenSSH\;C:\Program Files\Intel\WiFi\bin\;C:\Program Files\Common Files\Intel\WirelessCommon\;C:\Program Files\nodejs\;C:\Program Files\Git\cmd;C:\Gradle\gradle-5.6.2\bin;C:\TDM-GCC-64\bin;C:\Program Files\Java\jdk-11.0.3\bin;C:\Program Files (x86)\sbt\bin;C:\Program Files\CMake\bin;C:\gifsicle-1.92;C:\Users\melis\AppData\Local\Programs\Python\Python37\Scripts\;C:\Users\melis\AppData\Local\Programs\Python\Python37\;C:\Users\melis\AppData\Local\Programs\Microsoft VS Code\bin;C:\Users\melis\AppData\Roaming\npm;C:\Users\melis\AppData\Local\Microsoft\WindowsApps;%IntelliJ IDEA Community Edition%
USERNAME=Mélissa
OS=Windows_NT
PROCESSOR_IDENTIFIER=Intel64 Family 6 Model 142 Stepping 9, GenuineIntel



---------------  S Y S T E M  ---------------

OS: Windows 10.0 , 64 bit Build 18362 (10.0.18362.1350)

CPU:total 4 (initial active 4) (2 cores per cpu, 2 threads per core) family 6 model 142 stepping 9, cmov, cx8, fxsr, mmx, sse, sse2, sse3, ssse3, sse4.1, sse4.2, popcnt, avx, avx2, aes, clmul, erms, 3dnowpref, lzcnt, ht, tsc, tscinvbit, bmi1, bmi2, adx

Memory: 4k page, physical 8269172k(756884k free), swap 33434996k(4916k free)

vm_info: OpenJDK 64-Bit Server VM (25.242-b01) for windows-amd64 JRE (1.8.0_242-release-1644-b01), built by "builder" with MS VC++ 10.0 (VS2010)

time: Tue Mar 30 14:53:01 2021
timezone: Europe de l’Ouest (heure d’été)
elapsed time: 4762 seconds (0d 1h 19m 22s)

